{"D:\\Tavisca\\Assignments\\Tavisca Assignment\\Tavisca-Assignment\\src\\app\\app.component.html": {"path":"D:\\Tavisca\\Assignments\\Tavisca Assignment\\Tavisca-Assignment\\src\\app\\app.component.html","statementMap":{"0":{"start":{"line":1,"column":0},"end":{"line":1,"column":48}}},"fnMap":{},"branchMap":{},"s":{"0":1},"f":{},"b":{},"inputSourceMap":null,"_coverageSchema":"1a1c01bbd47fc00a2c39e90264f33305004495a9","hash":"c35b74812af705d92af4061f4e7d2efd11ce8340"}
,"D:\\Tavisca\\Assignments\\Tavisca Assignment\\Tavisca-Assignment\\src\\app\\app.component.ts": {"path":"D:\\Tavisca\\Assignments\\Tavisca Assignment\\Tavisca-Assignment\\src\\app\\app.component.ts","statementMap":{"0":{"start":{"line":1,"column":0},"end":{"line":1,"column":42}},"1":{"start":{"line":8,"column":0},"end":{"line":10,"column":null}},"2":{"start":{"line":9,"column":2},"end":{"line":9,"column":32}},"3":{"start":{"line":8,"column":13},"end":{"line":10,"column":null}},"4":{"start":{"line":8,"column":13},"end":{"line":8,"column":25}}},"fnMap":{"0":{"name":"(anonymous_0)","decl":{"start":{"line":8,"column":0},"end":{"line":8,"column":13}},"loc":{"start":{"line":8,"column":0},"end":{"line":10,"column":1}}}},"branchMap":{},"s":{"0":1,"1":1,"2":2,"3":1,"4":1},"f":{"0":2},"b":{}}
,"D:\\Tavisca\\Assignments\\Tavisca Assignment\\Tavisca-Assignment\\src\\app\\components\\add-edit-offer\\add-edit-offer.component.html": {"path":"D:\\Tavisca\\Assignments\\Tavisca Assignment\\Tavisca-Assignment\\src\\app\\components\\add-edit-offer\\add-edit-offer.component.html","statementMap":{"0":{"start":{"line":1,"column":0},"end":{"line":1,"column":1131}}},"fnMap":{},"branchMap":{},"s":{"0":1},"f":{},"b":{},"inputSourceMap":null,"_coverageSchema":"1a1c01bbd47fc00a2c39e90264f33305004495a9","hash":"6283bc3418b380b1db8d1399b0ea424160f486fc"}
,"D:\\Tavisca\\Assignments\\Tavisca Assignment\\Tavisca-Assignment\\src\\app\\components\\add-edit-offer\\add-edit-offer.component.ts": {"path":"D:\\Tavisca\\Assignments\\Tavisca Assignment\\Tavisca-Assignment\\src\\app\\components\\add-edit-offer\\add-edit-offer.component.ts","statementMap":{"0":{"start":{"line":1,"column":0},"end":{"line":1,"column":51}},"1":{"start":{"line":2,"column":0},"end":{"line":2,"column":50}},"2":{"start":{"line":3,"column":0},"end":{"line":3,"column":81}},"3":{"start":{"line":5,"column":0},"end":{"line":5,"column":57}},"4":{"start":{"line":6,"column":0},"end":{"line":6,"column":69}},"5":{"start":{"line":7,"column":0},"end":{"line":7,"column":36}},"6":{"start":{"line":8,"column":0},"end":{"line":8,"column":62}},"7":{"start":{"line":9,"column":0},"end":{"line":9,"column":92}},"8":{"start":{"line":16,"column":0},"end":{"line":87,"column":null}},"9":{"start":{"line":24,"column":22},"end":{"line":24,"column":30}},"10":{"start":{"line":24,"column":46},"end":{"line":24,"column":53}},"11":{"start":{"line":24,"column":77},"end":{"line":24,"column":91}},"12":{"start":{"line":26,"column":12},"end":{"line":26,"column":19}},"13":{"start":{"line":18,"column":2},"end":{"line":18,"column":29}},"14":{"start":{"line":27,"column":4},"end":{"line":27,"column":55}},"15":{"start":{"line":30,"column":4},"end":{"line":37,"column":null}},"16":{"start":{"line":31,"column":6},"end":{"line":31,"column":56}},"17":{"start":{"line":32,"column":6},"end":{"line":35,"column":9}},"18":{"start":{"line":33,"column":8},"end":{"line":33,"column":29}},"19":{"start":{"line":34,"column":8},"end":{"line":34,"column":40}},"20":{"start":{"line":36,"column":6},"end":{"line":36,"column":38}},"21":{"start":{"line":38,"column":4},"end":{"line":38,"column":33}},"22":{"start":{"line":39,"column":4},"end":{"line":52,"column":7}},"23":{"start":{"line":40,"column":6},"end":{"line":44,"column":null}},"24":{"start":{"line":41,"column":8},"end":{"line":43,"column":null}},"25":{"start":{"line":42,"column":10},"end":{"line":42,"column":31}},"26":{"start":{"line":45,"column":6},"end":{"line":51,"column":9}},"27":{"start":{"line":46,"column":8},"end":{"line":50,"column":null}},"28":{"start":{"line":47,"column":10},"end":{"line":47,"column":44}},"29":{"start":{"line":49,"column":10},"end":{"line":49,"column":34}},"30":{"start":{"line":56,"column":4},"end":{"line":68,"column":null}},"31":{"start":{"line":57,"column":6},"end":{"line":61,"column":9}},"32":{"start":{"line":63,"column":6},"end":{"line":67,"column":9}},"33":{"start":{"line":72,"column":4},"end":{"line":84,"column":null}},"34":{"start":{"line":73,"column":22},"end":{"line":76,"column":8}},"35":{"start":{"line":77,"column":6},"end":{"line":77,"column":52}},"36":{"start":{"line":78,"column":6},"end":{"line":78,"column":42}},"37":{"start":{"line":79,"column":6},"end":{"line":79,"column":34}},"38":{"start":{"line":81,"column":6},"end":{"line":81,"column":60}},"39":{"start":{"line":82,"column":6},"end":{"line":82,"column":42}},"40":{"start":{"line":83,"column":6},"end":{"line":83,"column":34}},"41":{"start":{"line":16,"column":13},"end":{"line":87,"column":null}},"42":{"start":{"line":16,"column":13},"end":{"line":16,"column":34}}},"fnMap":{"0":{"name":"(anonymous_0)","decl":{"start":{"line":24,"column":2},"end":{"line":24,"column":22}},"loc":{"start":{"line":26,"column":34},"end":{"line":28,"column":3}}},"1":{"name":"(anonymous_1)","decl":{"start":{"line":29,"column":2},"end":{"line":29,"column":10}},"loc":{"start":{"line":29,"column":10},"end":{"line":53,"column":3}}},"2":{"name":"(anonymous_2)","decl":{"start":{"line":32,"column":61},"end":{"line":32,"column":62}},"loc":{"start":{"line":32,"column":77},"end":{"line":35,"column":7}}},"3":{"name":"(anonymous_3)","decl":{"start":{"line":39,"column":25},"end":{"line":39,"column":26}},"loc":{"start":{"line":39,"column":34},"end":{"line":52,"column":5}}},"4":{"name":"(anonymous_4)","decl":{"start":{"line":45,"column":32},"end":{"line":45,"column":33}},"loc":{"start":{"line":45,"column":43},"end":{"line":51,"column":7}}},"5":{"name":"(anonymous_5)","decl":{"start":{"line":55,"column":10},"end":{"line":55,"column":21}},"loc":{"start":{"line":55,"column":38},"end":{"line":69,"column":3}}},"6":{"name":"(anonymous_6)","decl":{"start":{"line":71,"column":2},"end":{"line":71,"column":21}},"loc":{"start":{"line":71,"column":21},"end":{"line":85,"column":3}}}},"branchMap":{"0":{"loc":{"start":{"line":30,"column":4},"end":{"line":37,"column":null}},"type":"if","locations":[{"start":{"line":30,"column":4},"end":{"line":37,"column":null}},{"start":{"line":30,"column":4},"end":{"line":37,"column":null}}]},"1":{"loc":{"start":{"line":30,"column":8},"end":{"line":30,"column":34}},"type":"binary-expr","locations":[{"start":{"line":30,"column":8},"end":{"line":30,"column":34}},{"start":{"line":30,"column":38},"end":{"line":30,"column":72}}]},"2":{"loc":{"start":{"line":40,"column":6},"end":{"line":44,"column":null}},"type":"if","locations":[{"start":{"line":40,"column":6},"end":{"line":44,"column":null}},{"start":{"line":40,"column":6},"end":{"line":44,"column":null}}]},"3":{"loc":{"start":{"line":41,"column":8},"end":{"line":43,"column":null}},"type":"if","locations":[{"start":{"line":41,"column":8},"end":{"line":43,"column":null}},{"start":{"line":41,"column":8},"end":{"line":43,"column":null}}]},"4":{"loc":{"start":{"line":46,"column":8},"end":{"line":50,"column":null}},"type":"if","locations":[{"start":{"line":46,"column":8},"end":{"line":50,"column":null}},{"start":{"line":46,"column":8},"end":{"line":50,"column":null}}]},"5":{"loc":{"start":{"line":46,"column":12},"end":{"line":46,"column":18}},"type":"binary-expr","locations":[{"start":{"line":46,"column":12},"end":{"line":46,"column":18}},{"start":{"line":46,"column":22},"end":{"line":46,"column":37}}]},"6":{"loc":{"start":{"line":56,"column":4},"end":{"line":68,"column":null}},"type":"if","locations":[{"start":{"line":56,"column":4},"end":{"line":68,"column":null}},{"start":{"line":56,"column":4},"end":{"line":68,"column":null}}]},"7":{"loc":{"start":{"line":72,"column":4},"end":{"line":84,"column":null}},"type":"if","locations":[{"start":{"line":72,"column":4},"end":{"line":84,"column":null}},{"start":{"line":72,"column":4},"end":{"line":84,"column":null}}]}},"s":{"0":1,"1":1,"2":1,"3":1,"4":1,"5":1,"6":1,"7":1,"8":1,"9":2,"10":2,"11":2,"12":2,"13":2,"14":2,"15":1,"16":0,"17":0,"18":0,"19":0,"20":0,"21":1,"22":1,"23":1,"24":1,"25":0,"26":0,"27":0,"28":0,"29":0,"30":1,"31":1,"32":0,"33":0,"34":0,"35":0,"36":0,"37":0,"38":0,"39":0,"40":0,"41":1,"42":1},"f":{"0":2,"1":1,"2":0,"3":1,"4":0,"5":1,"6":0},"b":{"0":[0,1],"1":[1,1],"2":[1,0],"3":[0,0],"4":[0,0],"5":[0,0],"6":[1,0],"7":[0,0]}}
,"D:\\Tavisca\\Assignments\\Tavisca Assignment\\Tavisca-Assignment\\src\\app\\components\\landing\\landing.component.html": {"path":"D:\\Tavisca\\Assignments\\Tavisca Assignment\\Tavisca-Assignment\\src\\app\\components\\landing\\landing.component.html","statementMap":{"0":{"start":{"line":1,"column":0},"end":{"line":1,"column":2468}}},"fnMap":{},"branchMap":{},"s":{"0":1},"f":{},"b":{},"inputSourceMap":null,"_coverageSchema":"1a1c01bbd47fc00a2c39e90264f33305004495a9","hash":"d53fec773d71c2a051460d55448875df1fd8bed0"}
,"D:\\Tavisca\\Assignments\\Tavisca Assignment\\Tavisca-Assignment\\src\\app\\components\\landing\\landing.component.ts": {"path":"D:\\Tavisca\\Assignments\\Tavisca Assignment\\Tavisca-Assignment\\src\\app\\components\\landing\\landing.component.ts","statementMap":{"0":{"start":{"line":1,"column":0},"end":{"line":1,"column":82}},"1":{"start":{"line":2,"column":0},"end":{"line":2,"column":50}},"2":{"start":{"line":3,"column":0},"end":{"line":3,"column":36}},"3":{"start":{"line":5,"column":0},"end":{"line":5,"column":67}},"4":{"start":{"line":6,"column":0},"end":{"line":6,"column":58}},"5":{"start":{"line":10,"column":0},"end":{"line":10,"column":51}},"6":{"start":{"line":17,"column":0},"end":{"line":57,"column":null}},"7":{"start":{"line":26,"column":22},"end":{"line":26,"column":29}},"8":{"start":{"line":20,"column":2},"end":{"line":20,"column":14}},"9":{"start":{"line":21,"column":2},"end":{"line":21,"column":22}},"10":{"start":{"line":23,"column":2},"end":{"line":23,"column":29}},"11":{"start":{"line":28,"column":4},"end":{"line":28,"column":55}},"12":{"start":{"line":32,"column":4},"end":{"line":36,"column":7}},"13":{"start":{"line":33,"column":6},"end":{"line":33,"column":51}},"14":{"start":{"line":34,"column":6},"end":{"line":34,"column":29}},"15":{"start":{"line":35,"column":6},"end":{"line":35,"column":45}},"16":{"start":{"line":38,"column":4},"end":{"line":38,"column":40}},"17":{"start":{"line":39,"column":4},"end":{"line":41,"column":7}},"18":{"start":{"line":40,"column":6},"end":{"line":40,"column":37}},"19":{"start":{"line":46,"column":4},"end":{"line":46,"column":36}},"20":{"start":{"line":50,"column":4},"end":{"line":50,"column":51}},"21":{"start":{"line":51,"column":4},"end":{"line":51,"column":40}},"22":{"start":{"line":55,"column":4},"end":{"line":55,"column":41}},"23":{"start":{"line":17,"column":13},"end":{"line":57,"column":null}},"24":{"start":{"line":17,"column":13},"end":{"line":17,"column":29}}},"fnMap":{"0":{"name":"(anonymous_0)","decl":{"start":{"line":26,"column":2},"end":{"line":26,"column":22}},"loc":{"start":{"line":26,"column":44},"end":{"line":29,"column":3}}},"1":{"name":"(anonymous_1)","decl":{"start":{"line":31,"column":2},"end":{"line":31,"column":10}},"loc":{"start":{"line":31,"column":10},"end":{"line":42,"column":3}}},"2":{"name":"(anonymous_2)","decl":{"start":{"line":32,"column":28},"end":{"line":32,"column":29}},"loc":{"start":{"line":32,"column":38},"end":{"line":36,"column":5}}},"3":{"name":"(anonymous_3)","decl":{"start":{"line":39,"column":25},"end":{"line":39,"column":29}},"loc":{"start":{"line":39,"column":32},"end":{"line":41,"column":5}}},"4":{"name":"(anonymous_4)","decl":{"start":{"line":44,"column":2},"end":{"line":44,"column":8}},"loc":{"start":{"line":44,"column":8},"end":{"line":47,"column":3}}},"5":{"name":"(anonymous_5)","decl":{"start":{"line":49,"column":2},"end":{"line":49,"column":13}},"loc":{"start":{"line":49,"column":26},"end":{"line":52,"column":3}}},"6":{"name":"(anonymous_6)","decl":{"start":{"line":54,"column":2},"end":{"line":54,"column":13}},"loc":{"start":{"line":54,"column":13},"end":{"line":56,"column":3}}}},"branchMap":{},"s":{"0":1,"1":1,"2":1,"3":1,"4":1,"5":1,"6":1,"7":2,"8":2,"9":2,"10":2,"11":2,"12":1,"13":1,"14":0,"15":0,"16":1,"17":1,"18":1,"19":0,"20":0,"21":0,"22":0,"23":1,"24":1},"f":{"0":2,"1":1,"2":1,"3":1,"4":0,"5":0,"6":0},"b":{}}
,"D:\\Tavisca\\Assignments\\Tavisca Assignment\\Tavisca-Assignment\\src\\app\\components\\login\\login.component.html": {"path":"D:\\Tavisca\\Assignments\\Tavisca Assignment\\Tavisca-Assignment\\src\\app\\components\\login\\login.component.html","statementMap":{"0":{"start":{"line":1,"column":0},"end":{"line":1,"column":1600}}},"fnMap":{},"branchMap":{},"s":{"0":1},"f":{},"b":{},"inputSourceMap":null,"_coverageSchema":"1a1c01bbd47fc00a2c39e90264f33305004495a9","hash":"f20ba87550119185ae9db3cb64b676a8235056a0"}
,"D:\\Tavisca\\Assignments\\Tavisca Assignment\\Tavisca-Assignment\\src\\app\\components\\login\\login.component.ts": {"path":"D:\\Tavisca\\Assignments\\Tavisca Assignment\\Tavisca-Assignment\\src\\app\\components\\login\\login.component.ts","statementMap":{"0":{"start":{"line":1,"column":0},"end":{"line":1,"column":50}},"1":{"start":{"line":2,"column":0},"end":{"line":2,"column":36}},"2":{"start":{"line":4,"column":0},"end":{"line":4,"column":41}},"3":{"start":{"line":5,"column":0},"end":{"line":5,"column":67}},"4":{"start":{"line":6,"column":0},"end":{"line":6,"column":67}},"5":{"start":{"line":8,"column":0},"end":{"line":8,"column":57}},"6":{"start":{"line":9,"column":0},"end":{"line":9,"column":56}},"7":{"start":{"line":16,"column":0},"end":{"line":56,"column":null}},"8":{"start":{"line":23,"column":22},"end":{"line":23,"column":29}},"9":{"start":{"line":23,"column":53},"end":{"line":23,"column":60}},"10":{"start":{"line":23,"column":85},"end":{"line":23,"column":93}},"11":{"start":{"line":17,"column":2},"end":{"line":17,"column":26}},"12":{"start":{"line":24,"column":4},"end":{"line":24,"column":55}},"13":{"start":{"line":28,"column":4},"end":{"line":28,"column":31}},"14":{"start":{"line":29,"column":4},"end":{"line":31,"column":7}},"15":{"start":{"line":30,"column":6},"end":{"line":30,"column":45}},"16":{"start":{"line":32,"column":4},"end":{"line":32,"column":29}},"17":{"start":{"line":33,"column":4},"end":{"line":39,"column":7}},"18":{"start":{"line":34,"column":6},"end":{"line":38,"column":null}},"19":{"start":{"line":35,"column":8},"end":{"line":35,"column":40}},"20":{"start":{"line":37,"column":8},"end":{"line":37,"column":31}},"21":{"start":{"line":43,"column":4},"end":{"line":46,"column":7}},"22":{"start":{"line":50,"column":4},"end":{"line":54,"column":null}},"23":{"start":{"line":51,"column":6},"end":{"line":51,"column":48}},"24":{"start":{"line":53,"column":6},"end":{"line":53,"column":51}},"25":{"start":{"line":16,"column":13},"end":{"line":56,"column":null}},"26":{"start":{"line":16,"column":13},"end":{"line":16,"column":27}}},"fnMap":{"0":{"name":"(anonymous_0)","decl":{"start":{"line":23,"column":2},"end":{"line":23,"column":22}},"loc":{"start":{"line":23,"column":99},"end":{"line":25,"column":3}}},"1":{"name":"(anonymous_1)","decl":{"start":{"line":27,"column":2},"end":{"line":27,"column":10}},"loc":{"start":{"line":27,"column":10},"end":{"line":40,"column":3}}},"2":{"name":"(anonymous_2)","decl":{"start":{"line":29,"column":28},"end":{"line":29,"column":29}},"loc":{"start":{"line":29,"column":38},"end":{"line":31,"column":5}}},"3":{"name":"(anonymous_3)","decl":{"start":{"line":33,"column":30},"end":{"line":33,"column":31}},"loc":{"start":{"line":33,"column":41},"end":{"line":39,"column":5}}},"4":{"name":"(anonymous_4)","decl":{"start":{"line":42,"column":2},"end":{"line":42,"column":21}},"loc":{"start":{"line":42,"column":21},"end":{"line":47,"column":3}}},"5":{"name":"(anonymous_5)","decl":{"start":{"line":49,"column":2},"end":{"line":49,"column":17}},"loc":{"start":{"line":49,"column":17},"end":{"line":55,"column":3}}}},"branchMap":{"0":{"loc":{"start":{"line":34,"column":6},"end":{"line":38,"column":null}},"type":"if","locations":[{"start":{"line":34,"column":6},"end":{"line":38,"column":null}},{"start":{"line":34,"column":6},"end":{"line":38,"column":null}}]},"1":{"loc":{"start":{"line":34,"column":10},"end":{"line":34,"column":16}},"type":"binary-expr","locations":[{"start":{"line":34,"column":10},"end":{"line":34,"column":16}},{"start":{"line":34,"column":20},"end":{"line":34,"column":34}}]},"2":{"loc":{"start":{"line":50,"column":4},"end":{"line":54,"column":null}},"type":"if","locations":[{"start":{"line":50,"column":4},"end":{"line":54,"column":null}},{"start":{"line":50,"column":4},"end":{"line":54,"column":null}}]}},"s":{"0":1,"1":1,"2":1,"3":1,"4":1,"5":1,"6":1,"7":1,"8":2,"9":2,"10":2,"11":2,"12":2,"13":1,"14":1,"15":1,"16":1,"17":1,"18":1,"19":0,"20":1,"21":1,"22":0,"23":0,"24":0,"25":1,"26":1},"f":{"0":2,"1":1,"2":1,"3":1,"4":1,"5":0},"b":{"0":[0,1],"1":[1,1],"2":[0,0]}}
,"D:\\Tavisca\\Assignments\\Tavisca Assignment\\Tavisca-Assignment\\src\\app\\models\\offer.model.ts": {"path":"D:\\Tavisca\\Assignments\\Tavisca Assignment\\Tavisca-Assignment\\src\\app\\models\\offer.model.ts","statementMap":{"0":{"start":{"line":1,"column":0},"end":{"line":1,"column":13}}},"fnMap":{},"branchMap":{},"s":{"0":2},"f":{},"b":{}}
,"D:\\Tavisca\\Assignments\\Tavisca Assignment\\Tavisca-Assignment\\src\\app\\models\\user.ts": {"path":"D:\\Tavisca\\Assignments\\Tavisca Assignment\\Tavisca-Assignment\\src\\app\\models\\user.ts","statementMap":{"0":{"start":{"line":1,"column":0},"end":{"line":1,"column":13}}},"fnMap":{},"branchMap":{},"s":{"0":1},"f":{},"b":{}}
,"D:\\Tavisca\\Assignments\\Tavisca Assignment\\Tavisca-Assignment\\src\\app\\offer-store\\actions\\offer.actions.ts": {"path":"D:\\Tavisca\\Assignments\\Tavisca Assignment\\Tavisca-Assignment\\src\\app\\offer-store\\actions\\offer.actions.ts","statementMap":{"0":{"start":{"line":4,"column":13},"end":{"line":4,"column":45}},"1":{"start":{"line":5,"column":13},"end":{"line":5,"column":45}},"2":{"start":{"line":6,"column":13},"end":{"line":6,"column":51}},"3":{"start":{"line":7,"column":13},"end":{"line":7,"column":51}},"4":{"start":{"line":8,"column":13},"end":{"line":8,"column":47}},"5":{"start":{"line":9,"column":13},"end":{"line":9,"column":49}},"6":{"start":{"line":10,"column":13},"end":{"line":10,"column":55}},"7":{"start":{"line":11,"column":13},"end":{"line":11,"column":55}},"8":{"start":{"line":15,"column":13},"end":{"line":15,"column":30}},"9":{"start":{"line":14,"column":0},"end":{"line":14,"column":13}},"10":{"start":{"line":21,"column":23},"end":{"line":21,"column":37}},"11":{"start":{"line":20,"column":13},"end":{"line":20,"column":30}},"12":{"start":{"line":19,"column":0},"end":{"line":19,"column":13}},"13":{"start":{"line":26,"column":23},"end":{"line":26,"column":66}},"14":{"start":{"line":25,"column":13},"end":{"line":25,"column":33}},"15":{"start":{"line":24,"column":0},"end":{"line":24,"column":13}},"16":{"start":{"line":31,"column":23},"end":{"line":31,"column":38}},"17":{"start":{"line":30,"column":13},"end":{"line":30,"column":33}},"18":{"start":{"line":29,"column":0},"end":{"line":29,"column":13}},"19":{"start":{"line":36,"column":23},"end":{"line":36,"column":39}},"20":{"start":{"line":35,"column":13},"end":{"line":35,"column":31}},"21":{"start":{"line":34,"column":0},"end":{"line":34,"column":13}},"22":{"start":{"line":41,"column":23},"end":{"line":41,"column":37}},"23":{"start":{"line":40,"column":13},"end":{"line":40,"column":32}},"24":{"start":{"line":39,"column":0},"end":{"line":39,"column":13}},"25":{"start":{"line":46,"column":23},"end":{"line":46,"column":37}},"26":{"start":{"line":45,"column":13},"end":{"line":45,"column":35}},"27":{"start":{"line":44,"column":0},"end":{"line":44,"column":13}},"28":{"start":{"line":50,"column":13},"end":{"line":50,"column":35}},"29":{"start":{"line":49,"column":0},"end":{"line":49,"column":13}}},"fnMap":{"0":{"name":"(anonymous_0)","decl":{"start":{"line":16,"column":4},"end":{"line":16,"column":20}},"loc":{"start":{"line":16,"column":4},"end":{"line":16,"column":21}}},"1":{"name":"(anonymous_1)","decl":{"start":{"line":21,"column":4},"end":{"line":21,"column":23}},"loc":{"start":{"line":21,"column":37},"end":{"line":21,"column":42}}},"2":{"name":"(anonymous_2)","decl":{"start":{"line":26,"column":4},"end":{"line":26,"column":23}},"loc":{"start":{"line":26,"column":66},"end":{"line":26,"column":71}}},"3":{"name":"(anonymous_3)","decl":{"start":{"line":31,"column":4},"end":{"line":31,"column":23}},"loc":{"start":{"line":31,"column":38},"end":{"line":31,"column":43}}},"4":{"name":"(anonymous_4)","decl":{"start":{"line":36,"column":4},"end":{"line":36,"column":23}},"loc":{"start":{"line":36,"column":39},"end":{"line":36,"column":44}}},"5":{"name":"(anonymous_5)","decl":{"start":{"line":41,"column":4},"end":{"line":41,"column":23}},"loc":{"start":{"line":41,"column":37},"end":{"line":41,"column":42}}},"6":{"name":"(anonymous_6)","decl":{"start":{"line":46,"column":4},"end":{"line":46,"column":23}},"loc":{"start":{"line":46,"column":37},"end":{"line":46,"column":42}}},"7":{"name":"(anonymous_7)","decl":{"start":{"line":51,"column":4},"end":{"line":51,"column":20}},"loc":{"start":{"line":51,"column":4},"end":{"line":51,"column":21}}}},"branchMap":{},"s":{"0":5,"1":5,"2":5,"3":5,"4":5,"5":5,"6":5,"7":5,"8":2,"9":5,"10":1,"11":1,"12":5,"13":1,"14":1,"15":5,"16":0,"17":0,"18":5,"19":1,"20":1,"21":5,"22":1,"23":1,"24":5,"25":1,"26":1,"27":5,"28":0,"29":5},"f":{"0":2,"1":1,"2":1,"3":0,"4":1,"5":1,"6":1,"7":0},"b":{}}
,"D:\\Tavisca\\Assignments\\Tavisca Assignment\\Tavisca-Assignment\\src\\app\\offer-store\\reducers\\offer.reducers.ts": {"path":"D:\\Tavisca\\Assignments\\Tavisca Assignment\\Tavisca-Assignment\\src\\app\\offer-store\\reducers\\offer.reducers.ts","statementMap":{"0":{"start":{"line":2,"column":0},"end":{"line":2,"column":154}},"1":{"start":{"line":10,"column":13},"end":{"line":14,"column":2}},"2":{"start":{"line":17,"column":4},"end":{"line":69,"column":null}},"3":{"start":{"line":19,"column":12},"end":{"line":20,"column":null}},"4":{"start":{"line":24,"column":12},"end":{"line":27,"column":null}},"5":{"start":{"line":31,"column":12},"end":{"line":32,"column":null}},"6":{"start":{"line":37,"column":12},"end":{"line":39,"column":null}},"7":{"start":{"line":43,"column":12},"end":{"line":44,"column":null}},"8":{"start":{"line":49,"column":12},"end":{"line":51,"column":null}},"9":{"start":{"line":55,"column":12},"end":{"line":56,"column":null}},"10":{"start":{"line":61,"column":12},"end":{"line":63,"column":null}},"11":{"start":{"line":67,"column":12},"end":{"line":67,"column":25}},"12":{"start":{"line":16,"column":0},"end":{"line":16,"column":16}}},"fnMap":{"0":{"name":"reducer","decl":{"start":{"line":16,"column":16},"end":{"line":16,"column":23}},"loc":{"start":{"line":16,"column":57},"end":{"line":70,"column":1}}}},"branchMap":{"0":{"loc":{"start":{"line":16,"column":32},"end":{"line":16,"column":44}},"type":"default-arg","locations":[{"start":{"line":16,"column":32},"end":{"line":16,"column":44}}]},"1":{"loc":{"start":{"line":18,"column":8},"end":{"line":22,"column":null}},"type":"switch","locations":[{"start":{"line":18,"column":8},"end":{"line":22,"column":null}},{"start":{"line":23,"column":8},"end":{"line":29,"column":null}},{"start":{"line":30,"column":8},"end":{"line":35,"column":null}},{"start":{"line":36,"column":8},"end":{"line":41,"column":null}},{"start":{"line":42,"column":8},"end":{"line":47,"column":null}},{"start":{"line":48,"column":8},"end":{"line":53,"column":null}},{"start":{"line":54,"column":8},"end":{"line":59,"column":null}},{"start":{"line":60,"column":8},"end":{"line":65,"column":null}},{"start":{"line":66,"column":8},"end":{"line":68,"column":null}}]}},"s":{"0":4,"1":4,"2":6,"3":2,"4":0,"5":1,"6":0,"7":1,"8":0,"9":1,"10":0,"11":1,"12":4},"f":{"0":6},"b":{"0":[1],"1":[2,0,1,0,1,0,1,0,1]}}
,"D:\\Tavisca\\Assignments\\Tavisca Assignment\\Tavisca-Assignment\\src\\app\\services\\auth.service.ts": {"path":"D:\\Tavisca\\Assignments\\Tavisca Assignment\\Tavisca-Assignment\\src\\app\\services\\auth.service.ts","statementMap":{"0":{"start":{"line":1,"column":0},"end":{"line":1,"column":43}},"1":{"start":{"line":2,"column":0},"end":{"line":2,"column":63}},"2":{"start":{"line":4,"column":0},"end":{"line":4,"column":46}},"3":{"start":{"line":5,"column":0},"end":{"line":5,"column":51}},"4":{"start":{"line":6,"column":0},"end":{"line":6,"column":59}},"5":{"start":{"line":11,"column":0},"end":{"line":49,"column":null}},"6":{"start":{"line":14,"column":22},"end":{"line":14,"column":28}},"7":{"start":{"line":12,"column":2},"end":{"line":12,"column":33}},"8":{"start":{"line":17,"column":16},"end":{"line":17,"column":85}},"9":{"start":{"line":18,"column":4},"end":{"line":21,"column":6}},"10":{"start":{"line":25,"column":24},"end":{"line":29,"column":6}},"11":{"start":{"line":30,"column":16},"end":{"line":30,"column":34}},"12":{"start":{"line":31,"column":4},"end":{"line":34,"column":6}},"13":{"start":{"line":39,"column":23},"end":{"line":39,"column":25}},"14":{"start":{"line":40,"column":4},"end":{"line":44,"column":null}},"15":{"start":{"line":41,"column":6},"end":{"line":41,"column":53}},"16":{"start":{"line":43,"column":6},"end":{"line":43,"column":78}},"17":{"start":{"line":45,"column":4},"end":{"line":45,"column":31}},"18":{"start":{"line":46,"column":4},"end":{"line":46,"column":36}},"19":{"start":{"line":11,"column":13},"end":{"line":49,"column":null}},"20":{"start":{"line":11,"column":13},"end":{"line":11,"column":24}}},"fnMap":{"0":{"name":"(anonymous_0)","decl":{"start":{"line":14,"column":2},"end":{"line":14,"column":22}},"loc":{"start":{"line":14,"column":38},"end":{"line":14,"column":43}}},"1":{"name":"(anonymous_1)","decl":{"start":{"line":16,"column":2},"end":{"line":16,"column":7}},"loc":{"start":{"line":16,"column":18},"end":{"line":22,"column":3}}},"2":{"name":"(anonymous_2)","decl":{"start":{"line":24,"column":2},"end":{"line":24,"column":10}},"loc":{"start":{"line":24,"column":21},"end":{"line":35,"column":3}}},"3":{"name":"(anonymous_3)","decl":{"start":{"line":38,"column":2},"end":{"line":38,"column":13}},"loc":{"start":{"line":38,"column":19},"end":{"line":47,"column":3}}}},"branchMap":{"0":{"loc":{"start":{"line":40,"column":4},"end":{"line":44,"column":null}},"type":"if","locations":[{"start":{"line":40,"column":4},"end":{"line":44,"column":null}},{"start":{"line":40,"column":4},"end":{"line":44,"column":null}}]}},"s":{"0":1,"1":1,"2":1,"3":1,"4":1,"5":1,"6":3,"7":3,"8":1,"9":1,"10":1,"11":1,"12":1,"13":0,"14":0,"15":0,"16":0,"17":0,"18":0,"19":1,"20":1},"f":{"0":3,"1":1,"2":1,"3":0},"b":{"0":[0,0]}}
,"D:\\Tavisca\\Assignments\\Tavisca Assignment\\Tavisca-Assignment\\src\\app\\services\\offer.service.ts": {"path":"D:\\Tavisca\\Assignments\\Tavisca Assignment\\Tavisca-Assignment\\src\\app\\services\\offer.service.ts","statementMap":{"0":{"start":{"line":1,"column":0},"end":{"line":1,"column":43}},"1":{"start":{"line":2,"column":0},"end":{"line":2,"column":50}},"2":{"start":{"line":4,"column":0},"end":{"line":4,"column":46}},"3":{"start":{"line":5,"column":0},"end":{"line":5,"column":51}},"4":{"start":{"line":6,"column":0},"end":{"line":6,"column":59}},"5":{"start":{"line":11,"column":0},"end":{"line":63,"column":null}},"6":{"start":{"line":13,"column":22},"end":{"line":13,"column":28}},"7":{"start":{"line":14,"column":2},"end":{"line":14,"column":44}},"8":{"start":{"line":17,"column":4},"end":{"line":20,"column":6}},"9":{"start":{"line":24,"column":4},"end":{"line":27,"column":6}},"10":{"start":{"line":31,"column":4},"end":{"line":34,"column":6}},"11":{"start":{"line":38,"column":4},"end":{"line":41,"column":6}},"12":{"start":{"line":46,"column":4},"end":{"line":49,"column":6}},"13":{"start":{"line":54,"column":23},"end":{"line":54,"column":25}},"14":{"start":{"line":55,"column":4},"end":{"line":59,"column":null}},"15":{"start":{"line":56,"column":6},"end":{"line":56,"column":53}},"16":{"start":{"line":58,"column":6},"end":{"line":58,"column":78}},"17":{"start":{"line":60,"column":4},"end":{"line":60,"column":31}},"18":{"start":{"line":61,"column":4},"end":{"line":61,"column":36}},"19":{"start":{"line":11,"column":13},"end":{"line":63,"column":null}},"20":{"start":{"line":11,"column":13},"end":{"line":11,"column":25}}},"fnMap":{"0":{"name":"(anonymous_0)","decl":{"start":{"line":13,"column":2},"end":{"line":13,"column":22}},"loc":{"start":{"line":13,"column":38},"end":{"line":13,"column":43}}},"1":{"name":"(anonymous_1)","decl":{"start":{"line":16,"column":2},"end":{"line":16,"column":11}},"loc":{"start":{"line":16,"column":11},"end":{"line":21,"column":3}}},"2":{"name":"(anonymous_2)","decl":{"start":{"line":23,"column":2},"end":{"line":23,"column":14}},"loc":{"start":{"line":23,"column":25},"end":{"line":28,"column":3}}},"3":{"name":"(anonymous_3)","decl":{"start":{"line":30,"column":2},"end":{"line":30,"column":13}},"loc":{"start":{"line":30,"column":26},"end":{"line":35,"column":3}}},"4":{"name":"(anonymous_4)","decl":{"start":{"line":37,"column":2},"end":{"line":37,"column":13}},"loc":{"start":{"line":37,"column":43},"end":{"line":42,"column":3}}},"5":{"name":"(anonymous_5)","decl":{"start":{"line":45,"column":2},"end":{"line":45,"column":13}},"loc":{"start":{"line":45,"column":24},"end":{"line":50,"column":3}}},"6":{"name":"(anonymous_6)","decl":{"start":{"line":53,"column":2},"end":{"line":53,"column":13}},"loc":{"start":{"line":53,"column":19},"end":{"line":62,"column":3}}}},"branchMap":{"0":{"loc":{"start":{"line":55,"column":4},"end":{"line":59,"column":null}},"type":"if","locations":[{"start":{"line":55,"column":4},"end":{"line":59,"column":null}},{"start":{"line":55,"column":4},"end":{"line":59,"column":null}}]}},"s":{"0":2,"1":2,"2":2,"3":2,"4":2,"5":2,"6":2,"7":2,"8":0,"9":0,"10":0,"11":0,"12":0,"13":0,"14":0,"15":0,"16":0,"17":0,"18":0,"19":2,"20":2},"f":{"0":2,"1":0,"2":0,"3":0,"4":0,"5":0,"6":0},"b":{"0":[0,0]}}
,"D:\\Tavisca\\Assignments\\Tavisca Assignment\\Tavisca-Assignment\\src\\app\\store\\app.states.ts": {"path":"D:\\Tavisca\\Assignments\\Tavisca Assignment\\Tavisca-Assignment\\src\\app\\store\\app.states.ts","statementMap":{"0":{"start":{"line":1,"column":0},"end":{"line":1,"column":49}},"1":{"start":{"line":2,"column":0},"end":{"line":2,"column":64}},"2":{"start":{"line":3,"column":0},"end":{"line":3,"column":52}},"3":{"start":{"line":10,"column":13},"end":{"line":14,"column":2}},"4":{"start":{"line":16,"column":13},"end":{"line":16,"column":71}},"5":{"start":{"line":17,"column":13},"end":{"line":17,"column":73}}},"fnMap":{},"branchMap":{},"s":{"0":3,"1":3,"2":3,"3":3,"4":3,"5":3},"f":{},"b":{}}
,"D:\\Tavisca\\Assignments\\Tavisca Assignment\\Tavisca-Assignment\\src\\app\\store\\actions\\auth.actions.ts": {"path":"D:\\Tavisca\\Assignments\\Tavisca Assignment\\Tavisca-Assignment\\src\\app\\store\\actions\\auth.actions.ts","statementMap":{"0":{"start":{"line":4,"column":0},"end":{"line":4,"column":null}},"1":{"start":{"line":5,"column":4},"end":{"line":5,"column":null}},"2":{"start":{"line":6,"column":4},"end":{"line":6,"column":null}},"3":{"start":{"line":7,"column":4},"end":{"line":7,"column":null}},"4":{"start":{"line":8,"column":4},"end":{"line":8,"column":null}},"5":{"start":{"line":9,"column":4},"end":{"line":9,"column":null}},"6":{"start":{"line":10,"column":4},"end":{"line":10,"column":null}},"7":{"start":{"line":11,"column":4},"end":{"line":11,"column":null}},"8":{"start":{"line":16,"column":23},"end":{"line":16,"column":35}},"9":{"start":{"line":15,"column":13},"end":{"line":15,"column":42}},"10":{"start":{"line":14,"column":0},"end":{"line":14,"column":13}},"11":{"start":{"line":21,"column":23},"end":{"line":21,"column":35}},"12":{"start":{"line":20,"column":13},"end":{"line":20,"column":50}},"13":{"start":{"line":19,"column":0},"end":{"line":19,"column":13}},"14":{"start":{"line":26,"column":23},"end":{"line":26,"column":35}},"15":{"start":{"line":25,"column":13},"end":{"line":25,"column":50}},"16":{"start":{"line":24,"column":0},"end":{"line":24,"column":13}},"17":{"start":{"line":31,"column":23},"end":{"line":31,"column":35}},"18":{"start":{"line":30,"column":13},"end":{"line":30,"column":45}},"19":{"start":{"line":29,"column":0},"end":{"line":29,"column":13}},"20":{"start":{"line":36,"column":23},"end":{"line":36,"column":35}},"21":{"start":{"line":35,"column":13},"end":{"line":35,"column":53}},"22":{"start":{"line":34,"column":0},"end":{"line":34,"column":13}},"23":{"start":{"line":41,"column":23},"end":{"line":41,"column":35}},"24":{"start":{"line":40,"column":13},"end":{"line":40,"column":53}},"25":{"start":{"line":39,"column":0},"end":{"line":39,"column":13}},"26":{"start":{"line":45,"column":13},"end":{"line":45,"column":43}},"27":{"start":{"line":44,"column":0},"end":{"line":44,"column":13}}},"fnMap":{"0":{"name":"(anonymous_0)","decl":{"start":{"line":4,"column":0},"end":{"line":4,"column":12}},"loc":{"start":{"line":4,"column":27},"end":{"line":12,"column":1}}},"1":{"name":"(anonymous_1)","decl":{"start":{"line":16,"column":4},"end":{"line":16,"column":23}},"loc":{"start":{"line":16,"column":35},"end":{"line":16,"column":40}}},"2":{"name":"(anonymous_2)","decl":{"start":{"line":21,"column":4},"end":{"line":21,"column":23}},"loc":{"start":{"line":21,"column":35},"end":{"line":21,"column":40}}},"3":{"name":"(anonymous_3)","decl":{"start":{"line":26,"column":4},"end":{"line":26,"column":23}},"loc":{"start":{"line":26,"column":35},"end":{"line":26,"column":40}}},"4":{"name":"(anonymous_4)","decl":{"start":{"line":31,"column":4},"end":{"line":31,"column":23}},"loc":{"start":{"line":31,"column":35},"end":{"line":31,"column":40}}},"5":{"name":"(anonymous_5)","decl":{"start":{"line":36,"column":4},"end":{"line":36,"column":23}},"loc":{"start":{"line":36,"column":35},"end":{"line":36,"column":40}}},"6":{"name":"(anonymous_6)","decl":{"start":{"line":41,"column":4},"end":{"line":41,"column":23}},"loc":{"start":{"line":41,"column":35},"end":{"line":41,"column":40}}},"7":{"name":"(anonymous_7)","decl":{"start":{"line":44,"column":0},"end":{"line":44,"column":13}},"loc":{"start":{"line":44,"column":0},"end":{"line":46,"column":1}}}},"branchMap":{"0":{"loc":{"start":{"line":4,"column":12},"end":{"line":4,"column":27}},"type":"binary-expr","locations":[{"start":{"line":4,"column":12},"end":{"line":4,"column":27}},{"start":{"line":4,"column":12},"end":{"line":4,"column":null}}]}},"s":{"0":5,"1":5,"2":5,"3":5,"4":5,"5":5,"6":5,"7":5,"8":2,"9":2,"10":5,"11":2,"12":2,"13":5,"14":2,"15":2,"16":5,"17":1,"18":1,"19":5,"20":2,"21":2,"22":5,"23":2,"24":2,"25":5,"26":2,"27":5},"f":{"0":5,"1":2,"2":2,"3":2,"4":1,"5":2,"6":2,"7":2},"b":{"0":[5,5]}}
,"D:\\Tavisca\\Assignments\\Tavisca Assignment\\Tavisca-Assignment\\src\\app\\store\\reducers\\auth.reducers.ts": {"path":"D:\\Tavisca\\Assignments\\Tavisca Assignment\\Tavisca-Assignment\\src\\app\\store\\reducers\\auth.reducers.ts","statementMap":{"0":{"start":{"line":2,"column":0},"end":{"line":2,"column":63}},"1":{"start":{"line":11,"column":13},"end":{"line":15,"column":2}},"2":{"start":{"line":18,"column":4},"end":{"line":57,"column":null}},"3":{"start":{"line":20,"column":12},"end":{"line":26,"column":null}},"4":{"start":{"line":30,"column":12},"end":{"line":32,"column":null}},"5":{"start":{"line":36,"column":12},"end":{"line":42,"column":null}},"6":{"start":{"line":46,"column":12},"end":{"line":48,"column":null}},"7":{"start":{"line":52,"column":12},"end":{"line":52,"column":32}},"8":{"start":{"line":55,"column":12},"end":{"line":55,"column":25}},"9":{"start":{"line":17,"column":0},"end":{"line":17,"column":16}}},"fnMap":{"0":{"name":"reducer","decl":{"start":{"line":17,"column":16},"end":{"line":17,"column":23}},"loc":{"start":{"line":17,"column":57},"end":{"line":58,"column":1}}}},"branchMap":{"0":{"loc":{"start":{"line":17,"column":32},"end":{"line":17,"column":44}},"type":"default-arg","locations":[{"start":{"line":17,"column":32},"end":{"line":17,"column":44}}]},"1":{"loc":{"start":{"line":19,"column":8},"end":{"line":28,"column":null}},"type":"switch","locations":[{"start":{"line":19,"column":8},"end":{"line":28,"column":null}},{"start":{"line":29,"column":8},"end":{"line":34,"column":null}},{"start":{"line":35,"column":8},"end":{"line":44,"column":null}},{"start":{"line":45,"column":8},"end":{"line":50,"column":null}},{"start":{"line":51,"column":8},"end":{"line":53,"column":null}},{"start":{"line":54,"column":8},"end":{"line":56,"column":null}}]}},"s":{"0":4,"1":4,"2":7,"3":1,"4":1,"5":1,"6":1,"7":1,"8":2,"9":4},"f":{"0":7},"b":{"0":[0],"1":[1,1,1,1,1,2]}}
,"D:\\Tavisca\\Assignments\\Tavisca Assignment\\Tavisca-Assignment\\src\\environments\\environment.ts": {"path":"D:\\Tavisca\\Assignments\\Tavisca Assignment\\Tavisca-Assignment\\src\\environments\\environment.ts","statementMap":{"0":{"start":{"line":1,"column":13},"end":{"line":4,"column":2}}},"fnMap":{},"branchMap":{},"s":{"0":3},"f":{},"b":{}}
}
