TN:
SF:src\app\app.component.html
FNF:0
FNH:0
DA:1,1
LF:1
LH:1
BRF:0
BRH:0
end_of_record
TN:
SF:src\app\app.component.ts
FN:8,(anonymous_0)
FNF:1
FNH:1
FNDA:2,(anonymous_0)
DA:1,1
DA:8,1
DA:9,2
LF:3
LH:3
BRF:0
BRH:0
end_of_record
TN:
SF:src\app\components\add-offer\add-offer.component.html
FNF:0
FNH:0
DA:1,1
LF:1
LH:1
BRF:0
BRH:0
end_of_record
TN:
SF:src\app\components\add-offer\add-offer.component.ts
FN:21,(anonymous_0)
FN:27,(anonymous_1)
FN:36,(anonymous_2)
FN:39,(anonymous_3)
FNF:4
FNH:2
FNDA:2,(anonymous_0)
FNDA:1,(anonymous_1)
FNDA:0,(anonymous_2)
FNDA:0,(anonymous_3)
DA:1,1
DA:3,1
DA:4,1
DA:5,1
DA:6,1
DA:7,1
DA:8,1
DA:16,1
DA:18,2
DA:21,2
DA:23,2
DA:24,2
DA:28,1
DA:37,0
DA:38,0
DA:39,0
DA:40,0
LF:17
LH:13
BRF:0
BRH:0
end_of_record
TN:
SF:src\app\components\edit-offer\edit-offer.component.html
FNF:0
FNH:0
DA:1,1
LF:1
LH:1
BRF:0
BRH:0
end_of_record
TN:
SF:src\app\components\edit-offer\edit-offer.component.ts
FN:22,(anonymous_0)
FN:28,(anonymous_1)
FN:31,(anonymous_2)
FN:41,(anonymous_3)
FN:46,(anonymous_4)
FNF:5
FNH:2
FNDA:2,(anonymous_0)
FNDA:1,(anonymous_1)
FNDA:0,(anonymous_2)
FNDA:0,(anonymous_3)
FNDA:0,(anonymous_4)
DA:1,1
DA:2,1
DA:3,1
DA:4,1
DA:6,1
DA:8,1
DA:9,1
DA:16,1
DA:22,2
DA:24,2
DA:25,2
DA:30,1
DA:31,1
DA:32,0
DA:35,1
DA:40,1
DA:42,0
DA:47,0
DA:51,0
DA:52,0
DA:53,0
LF:21
LH:15
BRF:0
BRH:0
end_of_record
TN:
SF:src\app\components\landing\landing.component.html
FNF:0
FNH:0
DA:1,1
LF:1
LH:1
BRF:0
BRH:0
end_of_record
TN:
SF:src\app\components\landing\landing.component.ts
FN:26,(anonymous_0)
FN:31,(anonymous_1)
FN:32,(anonymous_2)
FN:39,(anonymous_3)
FN:44,(anonymous_4)
FN:49,(anonymous_5)
FN:54,(anonymous_6)
FNF:7
FNH:4
FNDA:2,(anonymous_0)
FNDA:1,(anonymous_1)
FNDA:1,(anonymous_2)
FNDA:1,(anonymous_3)
FNDA:0,(anonymous_4)
FNDA:0,(anonymous_5)
FNDA:0,(anonymous_6)
DA:1,1
DA:2,1
DA:3,1
DA:5,1
DA:6,1
DA:10,1
DA:17,1
DA:20,2
DA:21,2
DA:23,2
DA:26,2
DA:28,2
DA:32,1
DA:33,1
DA:34,0
DA:35,0
DA:38,1
DA:39,1
DA:40,1
DA:46,0
DA:50,0
DA:51,0
DA:55,0
LF:23
LH:17
BRF:0
BRH:0
end_of_record
TN:
SF:src\app\components\login\login.component.html
FNF:0
FNH:0
DA:1,1
LF:1
LH:1
BRF:0
BRH:0
end_of_record
TN:
SF:src\app\components\login\login.component.ts
FN:19,(anonymous_0)
FN:25,(anonymous_1)
FN:26,(anonymous_2)
FN:32,(anonymous_3)
FNF:4
FNH:3
FNDA:2,(anonymous_0)
FNDA:1,(anonymous_1)
FNDA:1,(anonymous_2)
FNDA:0,(anonymous_3)
DA:1,1
DA:2,1
DA:4,1
DA:5,1
DA:6,1
DA:14,1
DA:15,2
DA:20,2
DA:22,2
DA:26,1
DA:27,1
DA:29,1
DA:33,0
DA:37,0
LF:14
LH:12
BRF:0
BRH:0
end_of_record
TN:
SF:src\app\components\register\register.component.html
FNF:0
FNH:0
DA:1,1
LF:1
LH:1
BRF:0
BRH:0
end_of_record
TN:
SF:src\app\components\register\register.component.ts
FN:19,(anonymous_0)
FN:25,(anonymous_1)
FN:26,(anonymous_2)
FN:32,(anonymous_3)
FNF:4
FNH:3
FNDA:2,(anonymous_0)
FNDA:1,(anonymous_1)
FNDA:1,(anonymous_2)
FNDA:0,(anonymous_3)
DA:1,1
DA:2,1
DA:4,1
DA:5,1
DA:7,1
DA:14,1
DA:15,2
DA:20,2
DA:22,2
DA:26,1
DA:27,1
DA:29,1
DA:33,0
DA:37,0
LF:14
LH:12
BRF:0
BRH:0
end_of_record
TN:
SF:src\app\models\offer.model.ts
FNF:0
FNH:0
DA:1,2
LF:1
LH:1
BRF:0
BRH:0
end_of_record
TN:
SF:src\app\models\user.ts
FNF:0
FNH:0
DA:1,2
LF:1
LH:1
BRF:0
BRH:0
end_of_record
TN:
SF:src\app\offer-store\actions\offer.actions.ts
FN:16,(anonymous_0)
FN:21,(anonymous_1)
FN:26,(anonymous_2)
FN:31,(anonymous_3)
FN:36,(anonymous_4)
FN:41,(anonymous_5)
FN:46,(anonymous_6)
FN:51,(anonymous_7)
FNF:8
FNH:6
FNDA:2,(anonymous_0)
FNDA:1,(anonymous_1)
FNDA:1,(anonymous_2)
FNDA:0,(anonymous_3)
FNDA:1,(anonymous_4)
FNDA:1,(anonymous_5)
FNDA:1,(anonymous_6)
FNDA:0,(anonymous_7)
DA:4,7
DA:5,7
DA:6,7
DA:7,7
DA:8,7
DA:9,7
DA:10,7
DA:11,7
DA:14,7
DA:15,2
DA:19,7
DA:20,1
DA:21,1
DA:24,7
DA:25,1
DA:26,1
DA:29,7
DA:30,0
DA:31,0
DA:34,7
DA:35,1
DA:36,1
DA:39,7
DA:40,1
DA:41,1
DA:44,7
DA:45,1
DA:46,1
DA:49,7
DA:50,0
LF:30
LH:27
BRF:0
BRH:0
end_of_record
TN:
SF:src\app\offer-store\reducers\offer.reducers.ts
FN:16,reducer
FNF:1
FNH:1
FNDA:6,reducer
DA:2,6
DA:10,6
DA:16,6
DA:17,6
DA:19,2
DA:24,0
DA:31,1
DA:37,0
DA:43,1
DA:49,0
DA:55,1
DA:61,0
DA:67,1
LF:13
LH:9
BRDA:16,0,0,1
BRDA:18,1,0,2
BRDA:18,1,1,0
BRDA:18,1,2,1
BRDA:18,1,3,0
BRDA:18,1,4,1
BRDA:18,1,5,0
BRDA:18,1,6,1
BRDA:18,1,7,0
BRDA:18,1,8,1
BRF:10
BRH:6
end_of_record
TN:
SF:src\app\services\auth.service.ts
FN:14,(anonymous_0)
FN:16,(anonymous_1)
FN:24,(anonymous_2)
FN:38,(anonymous_3)
FNF:4
FNH:3
FNDA:3,(anonymous_0)
FNDA:1,(anonymous_1)
FNDA:1,(anonymous_2)
FNDA:0,(anonymous_3)
DA:1,1
DA:2,1
DA:4,1
DA:5,1
DA:6,1
DA:11,1
DA:12,3
DA:14,3
DA:17,1
DA:18,1
DA:25,1
DA:30,1
DA:31,1
DA:39,0
DA:40,0
DA:41,0
DA:43,0
DA:45,0
DA:46,0
LF:19
LH:13
BRDA:40,0,0,0
BRDA:40,0,1,0
BRF:2
BRH:0
end_of_record
TN:
SF:src\app\services\offer.service.ts
FN:13,(anonymous_0)
FN:16,(anonymous_1)
FN:23,(anonymous_2)
FN:30,(anonymous_3)
FN:37,(anonymous_4)
FN:45,(anonymous_5)
FN:53,(anonymous_6)
FNF:7
FNH:2
FNDA:2,(anonymous_0)
FNDA:0,(anonymous_1)
FNDA:2,(anonymous_2)
FNDA:0,(anonymous_3)
FNDA:0,(anonymous_4)
FNDA:0,(anonymous_5)
FNDA:0,(anonymous_6)
DA:1,2
DA:2,2
DA:4,2
DA:5,2
DA:6,2
DA:11,2
DA:13,2
DA:14,2
DA:17,0
DA:24,2
DA:31,0
DA:38,0
DA:46,0
DA:54,0
DA:55,0
DA:56,0
DA:58,0
DA:60,0
DA:61,0
LF:19
LH:9
BRDA:55,0,0,0
BRDA:55,0,1,0
BRF:2
BRH:0
end_of_record
TN:
SF:src\app\store\app.states.ts
FNF:0
FNH:0
DA:1,5
DA:2,5
DA:3,5
DA:10,5
DA:16,5
DA:17,5
LF:6
LH:6
BRF:0
BRH:0
end_of_record
TN:
SF:src\app\store\actions\auth.actions.ts
FN:4,(anonymous_0)
FN:16,(anonymous_1)
FN:21,(anonymous_2)
FN:26,(anonymous_3)
FN:31,(anonymous_4)
FN:36,(anonymous_5)
FN:41,(anonymous_6)
FN:44,(anonymous_7)
FNF:8
FNH:8
FNDA:7,(anonymous_0)
FNDA:2,(anonymous_1)
FNDA:2,(anonymous_2)
FNDA:2,(anonymous_3)
FNDA:1,(anonymous_4)
FNDA:2,(anonymous_5)
FNDA:2,(anonymous_6)
FNDA:2,(anonymous_7)
DA:4,7
DA:5,7
DA:6,7
DA:7,7
DA:8,7
DA:9,7
DA:10,7
DA:11,7
DA:14,7
DA:15,2
DA:16,2
DA:19,7
DA:20,2
DA:21,2
DA:24,7
DA:25,2
DA:26,2
DA:29,7
DA:30,1
DA:31,1
DA:34,7
DA:35,2
DA:36,2
DA:39,7
DA:40,2
DA:41,2
DA:44,7
DA:45,2
LF:28
LH:28
BRDA:4,0,0,7
BRDA:4,0,1,7
BRF:2
BRH:2
end_of_record
TN:
SF:src\app\store\reducers\auth.reducers.ts
FN:17,reducer
FNF:1
FNH:1
FNDA:7,reducer
DA:2,6
DA:11,6
DA:17,6
DA:18,7
DA:20,1
DA:30,1
DA:36,1
DA:46,1
DA:52,1
DA:55,2
LF:10
LH:10
BRDA:17,0,0,0
BRDA:19,1,0,1
BRDA:19,1,1,1
BRDA:19,1,2,1
BRDA:19,1,3,1
BRDA:19,1,4,1
BRDA:19,1,5,2
BRF:7
BRH:6
end_of_record
TN:
SF:src\environments\environment.ts
FNF:0
FNH:0
DA:1,3
LF:1
LH:1
BRF:0
BRH:0
end_of_record
